[2025-10-22 00:42:55] === Starting build script ===
[2025-10-22 00:42:55] === Version Information ===
[2025-10-22 00:42:55] Anchor version: anchor-cli 0.31.1
[2025-10-22 00:42:55] Rust version: rustc 1.81.0 (eeb90cda1 2024-09-04)
[2025-10-22 00:42:55] Cargo version: cargo 1.81.0 (2dbb1af80 2024-08-20)
[2025-10-22 00:42:55] Solana version: solana-cli 2.1.0 (src:c1080de4; feat:3176011155, client:Agave)
[2025-10-22 00:42:55] Node version: v23.3.0
[2025-10-22 00:42:56] NPM version: 10.9.0
[2025-10-22 00:42:56] Yarn version: 1.22.22
[2025-10-22 00:43:03] === build script completed ===
[2025-10-22 01:15:38] === Starting build script ===
[2025-10-22 01:15:38] === Version Information ===
[2025-10-22 01:15:38] Anchor version: anchor-cli 0.31.1
[2025-10-22 01:15:38] Rust version: rustc 1.81.0 (eeb90cda1 2024-09-04)
[2025-10-22 01:15:38] Cargo version: cargo 1.81.0 (2dbb1af80 2024-08-20)
[2025-10-22 01:15:38] Solana version: solana-cli 2.1.0 (src:c1080de4; feat:3176011155, client:Agave)
[2025-10-22 01:15:38] Node version: v23.3.0
[2025-10-22 01:15:39] NPM version: 10.9.0
[2025-10-22 01:15:39] Yarn version: 1.22.22
[2025-10-22 01:15:44] === build script completed ===
[2025-10-22 01:41:19] === Starting build script ===
[2025-10-22 01:41:19] === Version Information ===
[2025-10-22 01:41:19] Anchor version: anchor-cli 0.31.1
[2025-10-22 01:41:20] Rust version: rustc 1.81.0 (eeb90cda1 2024-09-04)
[2025-10-22 01:41:20] Cargo version: cargo 1.81.0 (2dbb1af80 2024-08-20)
[2025-10-22 01:41:20] Solana version: solana-cli 2.1.0 (src:c1080de4; feat:3176011155, client:Agave)
[2025-10-22 01:41:20] Node version: v23.3.0
[2025-10-22 01:41:20] NPM version: 10.9.0
[2025-10-22 01:41:20] Yarn version: 1.22.22
[2025-10-22 01:41:26] === build script completed ===
[2025-10-22 02:07:19] === Starting build script ===
[2025-10-22 02:07:19] === Version Information ===
[2025-10-22 02:07:19] Anchor version: anchor-cli 0.31.1
[2025-10-22 02:07:19] Rust version: rustc 1.81.0 (eeb90cda1 2024-09-04)
[2025-10-22 02:07:19] Cargo version: cargo 1.81.0 (2dbb1af80 2024-08-20)
[2025-10-22 02:07:19] Solana version: solana-cli 2.1.0 (src:c1080de4; feat:3176011155, client:Agave)
[2025-10-22 02:07:19] Node version: v23.3.0
[2025-10-22 02:07:20] NPM version: 10.9.0
[2025-10-22 02:07:20] Yarn version: 1.22.22
[2025-10-22 02:07:25] === build script completed ===
